Vivado Simulator v2022.2
Copyright 1986-1999, 2001-2022 Xilinx, Inc. All Rights Reserved.
Running: C:/Applications/Xilinx/Vivado/2022.2/bin/unwrapped/win64.o/xelab.exe --incr --debug typical --relax --mt 2 -L xil_defaultlib -L fifo_generator_v13_2_7 -L unisims_ver -L unimacro_ver -L secureip -L xpm --snapshot bch_ip_afifo_axis_behav xil_defaultlib.bch_ip_afifo_axis xil_defaultlib.glbl -log elaborate.log 
Using 2 slave threads.
Starting static elaboration
Pass Through NonSizing Optimizer
Completed static elaboration
Starting simulation data flow analysis
Completed simulation data flow analysis
Time Resolution for simulation is 1ps
Compiling package std.standard
Compiling package std.textio
Compiling package ieee.std_logic_1164
Compiling package ieee.numeric_std
Compiling package ieee.math_real
Compiling package xil_defaultlib.pkg_mgt_file
Compiling package xil_defaultlib.pkg_gen_heartbeat
Compiling package vl.vl_types
Compiling module xil_defaultlib.glbl
Compiling architecture rtl of entity xil_defaultlib.gen_heartbeat [gen_heartbeat_default]
Compiling module fifo_generator_v13_2_7.fifo_generator_v13_2_7_sync_stag...
Compiling module fifo_generator_v13_2_7.fifo_generator_v13_2_7_bhv_ver_a...
Compiling module fifo_generator_v13_2_7.fifo_generator_v13_2_7_bhv_ver_p...
Compiling module fifo_generator_v13_2_7.fifo_generator_v13_2_7_CONV_VER(...
Compiling module fifo_generator_v13_2_7.fifo_generator_vlog_beh(C_DATA_C...
Compiling module xil_defaultlib.ip_afifo_axis
Compiling architecture behavioral of entity xil_defaultlib.bch_ip_afifo_axis
Built simulation snapshot bch_ip_afifo_axis_behav
