srcscan starts
=============== Using vdb files for VHDL std libs ===========
INFO: VHDL library search path for library "std" is now "C:/Applications/Xilinx/Vivado/2022.2/data/precomp_hsv/vhdl/std" (VHDL-1505)
INFO: VHDL library search path for library "synopsys" is now "C:/Applications/Xilinx/Vivado/2022.2/data/precomp_hsv/vhdl/synopsys" (VHDL-1505)
INFO: VHDL library search path for library "ieee" is now "C:/Applications/Xilinx/Vivado/2022.2/data/precomp_hsv/vhdl/ieee" (VHDL-1505)
INFO: VHDL library search path for library "unimacro" is now "C:/Applications/Xilinx/Vivado/2022.2/data/precomp_hsv/vhdl/unimacro" (VHDL-1505)
INFO: VHDL library search path for library "unisim" is now "C:/Applications/Xilinx/Vivado/2022.2/data/precomp_hsv/vhdl/unisim" (VHDL-1505)
INFO: VHDL library search path for library "vl" is now "C:/Applications/Xilinx/Vivado/2022.2/data/precomp_hsv/vhdl/vl" (VHDL-1505)
INFO: VHDL library search path for library "xpm" is now "C:/Applications/Xilinx/Vivado/2022.2/data/precomp_hsv/vhdl/xpm" (VHDL-1505)
-- Analyzing VHDL file "C:/Users/Tugdual LE PELLETER/Documents/Recherche/Repositories/ip_afifo_axis/sources/package/pkg_mgt_file.vhd" into library xil_defaultlib (VHDL-9003)
INFO: analyzing package 'pkg_mgt_file'

INFO: analyzing package body 'pkg_mgt_file'

-- Analyzing VHDL file "C:/Users/Tugdual LE PELLETER/Documents/Recherche/Repositories/ip_afifo_axis/sources/package/pkg_gen_heartbeat.vhd" into library xil_defaultlib (VHDL-9003)
INFO: analyzing package 'pkg_gen_heartbeat'

INFO: analyzing package body 'pkg_gen_heartbeat'

-- Analyzing VHDL file "C:/Users/Tugdual LE PELLETER/Documents/Recherche/Repositories/ip_afifo_axis/sources/bench/bch_ip_afifo_axis.vhd" into library xil_defaultlib (VHDL-9003)
INFO: analyzing entity 'bch_ip_afifo_axis' (VHDL-1012)
INFO: analyzing architecture 'behavioral' of entity 'bch_ip_afifo_axis' (VHDL-9006)
-- Analyzing VHDL file "C:/Users/Tugdual LE PELLETER/Documents/Recherche/Repositories/ip_afifo_axis/sources/design/gen_heartbeat.vhd" into library xil_defaultlib (VHDL-9003)
INFO: analyzing entity 'gen_heartbeat' (VHDL-1012)
INFO: analyzing architecture 'rtl' of entity 'gen_heartbeat' (VHDL-9006)
Listing tops:
VHDLTop: library:xil_defaultlib entity:bch_ip_afifo_axis arch:
VHDLTop: library:xil_defaultlib entity:bch_ip_afifo_axis arch:
END of tops
C:/Users/Tugdual LE PELLETER/Documents/Recherche/Repositories/ip_afifo_axis/sources/bench/bch_ip_afifo_axis.vhd(96): INFO: processing 'bch_ip_afifo_axis_default(behavioral)' (VHDL-1067)
C:/Users/Tugdual LE PELLETER/Documents/Recherche/Repositories/ip_afifo_axis/sources/design/gen_heartbeat.vhd(53): INFO: processing 'gen_heartbeat_default(rtl)' (VHDL-1067)
C:/Users/Tugdual LE PELLETER/Documents/Recherche/Repositories/ip_afifo_axis/sources/bench/bch_ip_afifo_axis.vhd(513): WARNING: 'ip_afifo_axis' remains a black box since it has no binding entity (VHDL-1250)
srcscan exits with return value 0
